<?xml version="1.0" encoding="UTF-8"?>
<testng-results ignored="0" total="2" passed="2" failed="0" skipped="0">
  <reporter-output>
  </reporter-output>
  <suite started-at="2022-02-19T11:08:34 EET" name="Default suite" finished-at="2022-02-19T11:08:50 EET" duration-ms="15238">
    <groups>
    </groups>
    <test started-at="2022-02-19T11:08:34 EET" name="Default test" finished-at="2022-02-19T11:08:50 EET" duration-ms="15238">
      <class name="tests.CreateAccountTest">
        <test-method is-config="true" signature="startdriver(java.lang.String)[pri:0, instance:tests.CreateAccountTest@2a798d51]" started-at="2022-02-19T11:08:07 EET" name="startdriver" finished-at="2022-02-19T11:08:34 EET" duration-ms="27272" status="PASS">
          <params>
            <param index="0">
              <value>
                <![CDATA[chrome]]>
              </value>
            </param>
          </params>
          <reporter-output>
          </reporter-output>
        </test-method> <!-- startdriver -->
        <test-method signature="opencreateaccountpage()[pri:1, instance:tests.CreateAccountTest@2a798d51]" started-at="2022-02-19T11:08:35 EET" name="opencreateaccountpage" finished-at="2022-02-19T11:08:47 EET" duration-ms="12323" status="PASS">
          <reporter-output>
          </reporter-output>
        </test-method> <!-- opencreateaccountpage -->
        <test-method is-config="true" signature="scrrenShotOnFailure(org.testng.ITestResult)[pri:0, instance:tests.CreateAccountTest@2a798d51]" started-at="2022-02-19T11:08:47 EET" name="scrrenShotOnFailure" finished-at="2022-02-19T11:08:47 EET" duration-ms="3" status="PASS">
          <params>
            <param index="0">
              <value>
                <![CDATA[[TestResult name=opencreateaccountpage status=SUCCESS method=CreateAccountTest.opencreateaccountpage()[pri:1, instance:tests.CreateAccountTest@2a798d51] output={null}]]]>
              </value>
            </param>
          </params>
          <reporter-output>
          </reporter-output>
        </test-method> <!-- scrrenShotOnFailure -->
        <test-method signature="logout()[pri:0, instance:tests.CreateAccountTest@2a798d51]" started-at="2022-02-19T11:08:47 EET" name="logout" finished-at="2022-02-19T11:08:50 EET" depends-on-methods="tests.CreateAccountTest.opencreateaccountpage" duration-ms="2791" status="PASS">
          <reporter-output>
          </reporter-output>
        </test-method> <!-- logout -->
        <test-method is-config="true" signature="scrrenShotOnFailure(org.testng.ITestResult)[pri:0, instance:tests.CreateAccountTest@2a798d51]" started-at="2022-02-19T11:08:50 EET" name="scrrenShotOnFailure" finished-at="2022-02-19T11:08:50 EET" duration-ms="0" status="PASS">
          <params>
            <param index="0">
              <value>
                <![CDATA[[TestResult name=logout status=SUCCESS method=CreateAccountTest.logout()[pri:0, instance:tests.CreateAccountTest@2a798d51] output={null}]]]>
              </value>
            </param>
          </params>
          <reporter-output>
          </reporter-output>
        </test-method> <!-- scrrenShotOnFailure -->
        <test-method is-config="true" signature="closedriver()[pri:0, instance:tests.CreateAccountTest@2a798d51]" started-at="2022-02-19T11:08:50 EET" name="closedriver" finished-at="2022-02-19T11:08:51 EET" duration-ms="1105" status="PASS">
          <reporter-output>
          </reporter-output>
        </test-method> <!-- closedriver -->
      </class> <!-- tests.CreateAccountTest -->
    </test> <!-- Default test -->
  </suite> <!-- Default suite -->
</testng-results>
